发布日期：2011-12-06  截止日期：2011-12-07
发布日期：2011-12-06  截止日期：2011-12-07
发布日期：2011-12-06  截止日期：2011-12-10
发布日期：2011-12-06  截止日期：2011-12-17
发布日期：2011-12-06  截止日期：2011-12-06
发布日期：2011-12-06  截止日期：2011-12-24
发布日期：2011-12-06  截止日期：2011-12-24
发布日期：2011-12-06  截止日期：2011-12-07
发布日期：2011-12-06  截止日期：2011-12-31
发布日期：2011-12-06  截止日期：2011-12-24
发布日期：2011-12-06  截止日期：2011-12-12
发布日期：2011-12-06  截止日期：2011-12-24
发布日期：2011-12-06  截止日期：2011-12-06
发布日期：2011-12-06  截止日期：2011-12-31
发布日期：2011-12-06  截止日期：2011-12-06
厦门到昆明家具陆运      货主：李联系电话：13599917658true
上海金山到菏泽钛白粉陆运      货主：朱先生联系电话：158-0034-0650true
盘锦到天津打印纸陆运      货主：王振兴先生 联系电话：13795047088 true
杭州到聊城饮料陆运      货主：袁先生联系电话：13958043783 true
廊坊到北京皮球陆运      货主：张士建先生联系电话：13061621643 true
淮安到周口化工产品陆运      货主：张新新联系电话：0517-87531158 true
漯河到晋城高平设备陆运      货主：王雪丽联系电话：13513858056 true
眉山到凉山建材陆运      货主： 刘豫川联系电话：028-38285680true
乌海到北京化工产品陆运      货主：申吉星 联系电话：15911152926 true
吕梁到鄂尔多斯挖机陆运      货主：胡花联系电话：14797411156 true
天津到新乡聚乙烯塑料颗粒陆运      货主：郭风茂联系电话：022---25329053true
呼和浩特到隆化装载机陆运      货主：冯国军联系电话：0314-5929000true
天津到湖州旧衣物陆运      货主：杨先生联系电话：13752387756true
咸宁到焦作石英砂陆运      货主：张先生联系电话：15374592700 true
石家庄到郑州设备陆运      货主：苏经理联系电话：13932179196true
厦门到昆明家具陆运      货主：李联系电话：13599917658发布日期：2011-12-06  截止日期：2011-12-07
上海金山到菏泽钛白粉陆运      货主：朱先生联系电话：158-0034-0650发布日期：2011-12-06  截止日期：2011-12-07
盘锦到天津打印纸陆运      货主：王振兴先生 联系电话：13795047088 发布日期：2011-12-06  截止日期：2011-12-10
杭州到聊城饮料陆运      货主：袁先生联系电话：13958043783 发布日期：2011-12-06  截止日期：2011-12-17
廊坊到北京皮球陆运      货主：张士建先生联系电话：13061621643 发布日期：2011-12-06  截止日期：2011-12-06
淮安到周口化工产品陆运      货主：张新新联系电话：0517-87531158 发布日期：2011-12-06  截止日期：2011-12-24
漯河到晋城高平设备陆运      货主：王雪丽联系电话：13513858056 发布日期：2011-12-06  截止日期：2011-12-24
眉山到凉山建材陆运      货主： 刘豫川联系电话：028-38285680发布日期：2011-12-06  截止日期：2011-12-07
乌海到北京化工产品陆运      货主：申吉星 联系电话：15911152926 发布日期：2011-12-06  截止日期：2011-12-31
吕梁到鄂尔多斯挖机陆运      货主：胡花联系电话：14797411156 发布日期：2011-12-06  截止日期：2011-12-24
天津到新乡聚乙烯塑料颗粒陆运      货主：郭风茂联系电话：022---25329053发布日期：2011-12-06  截止日期：2011-12-12
呼和浩特到隆化装载机陆运      货主：冯国军联系电话：0314-5929000发布日期：2011-12-06  截止日期：2011-12-24
天津到湖州旧衣物陆运      货主：杨先生联系电话：13752387756发布日期：2011-12-06  截止日期：2011-12-06
咸宁到焦作石英砂陆运      货主：张先生联系电话：15374592700 发布日期：2011-12-06  截止日期：2011-12-31
石家庄到郑州设备陆运      货主：苏经理联系电话：13932179196发布日期：2011-12-06  截止日期：2011-12-06
