# Logfile created on 2011-12-06 14:48:12 +0800 by logger.rb/25413
guess array
guess河北石家庄  
guess北石家庄  
guess石家庄  
guess家庄  
guess庄  
guess  
guess array
guess河南郑州巩义市
guess南郑州巩义市
guess郑州巩义市
guess州巩义市
guess巩义市
guess义市
guess array
guess河南洛阳新安  
guess南洛阳新安  
guess洛阳新安  
guess阳新安  
guess新安  
guess安  
guess  
guess array
guess陕西西安
guess西西安
guess西安
guess array
guess广东佛山佛山市  
guess东佛山佛山市  
guess佛山佛山市  
guess山佛山市  
guess佛山市  
guess山市  
guess市  
guess  
guess array
guess浙江湖州湖州市
guess江湖州湖州市
guess湖州湖州市
guess州湖州市
guess湖州市
guess州市
guess array
guess安徽蚌埠不限  
guess徽蚌埠不限  
guess蚌埠不限  
guess埠不限  
guess不限  
guess限  
guess  
guess array
guess河北张家口不限
guess北张家口不限
guess张家口不限
guess家口不限
guess口不限
guess不限
guess array
guess辽宁沈阳不限  
guess宁沈阳不限  
guess沈阳不限  
guess阳不限  
guess不限  
guess限  
guess  
guess array
guess天津郊县宁河
guess津郊县宁河
guess郊县宁河
guess县宁河
guess宁河
guess array
guess江苏无锡宜兴市  
guess苏无锡宜兴市  
guess无锡宜兴市  
guess锡宜兴市  
guess宜兴市  
guess兴市  
guess市  
guess  
guess array
guess安徽六安
guess徽六安
guess六安
guess array
guess湖南长沙不限  
guess南长沙不限  
guess长沙不限  
guess沙不限  
guess不限  
guess限  
guess  
guess array
guess贵州毕节不限
guess州毕节不限
guess毕节不限
guess节不限
guess不限
guess array
guess安徽巢湖巢湖市  
guess徽巢湖巢湖市  
guess巢湖巢湖市  
guess湖巢湖市  
guess巢湖市  
guess湖市  
guess市  
guess  
guess array
guess山东济宁鱼台
guess东济宁鱼台
guess济宁鱼台
guess宁鱼台
guess鱼台
guess array
guess广东东莞东莞市  
guess东东莞东莞市  
guess东莞东莞市  
guess莞东莞市  
guess东莞市  
guess莞市  
guess市  
guess  
guess array
guess广东阳江阳江市
guess东阳江阳江市
guess阳江阳江市
guess江阳江市
guess阳江市
guess江市
guess array
guess上海市区嘉定区  
guess海市区嘉定区  
guess市区嘉定区  
guess区嘉定区  
guess嘉定区  
guess定区  
guess区  
guess  
guess array
guess江苏苏州市辖区
guess苏苏州市辖区
guess苏州市辖区
guess州市辖区
guess市辖区
guess辖区
guess array
guess福建莆田  
guess建莆田  
guess莆田  
guess田  
guess  
guess array
guess福建不限
guess建不限
guess不限
guess array
guess河南漯河漯河市  
guess南漯河漯河市  
guess漯河漯河市  
guess河漯河市  
guess漯河市  
guess河市  
guess市  
guess  
guess array
guess浙江舟山舟山市
guess江舟山舟山市
guess舟山舟山市
guess山舟山市
guess舟山市
guess山市
guess array
guess河北邯郸武安市  
guess北邯郸武安市  
guess邯郸武安市  
guess郸武安市  
guess武安市  
guess安市  
guess市  
guess  
guess array
guess河北邢台隆尧
guess北邢台隆尧
guess邢台隆尧
guess台隆尧
guess隆尧
guess array
guess河南漯河舞阳  
guess南漯河舞阳  
guess漯河舞阳  
guess河舞阳  
guess舞阳  
guess阳  
guess  
guess array
guess安徽宿州砀山
guess徽宿州砀山
guess宿州砀山
guess州砀山
guess砀山
guess array
guess山东青岛青岛市  
guess东青岛青岛市  
guess青岛青岛市  
guess岛青岛市  
guess青岛市  
guess岛市  
guess市  
guess  
guess array
guess山东烟台烟台市
guess东烟台烟台市
guess烟台烟台市
guess台烟台市
guess烟台市
guess台市
guess array
guess河北石家庄  
guess北石家庄  
guess石家庄  
guess家庄  
guess庄  
guess  
guess array
guess河南郑州巩义市
guess南郑州巩义市
guess郑州巩义市
guess州巩义市
guess巩义市
guess义市
guess array
guess河南洛阳新安  
guess南洛阳新安  
guess洛阳新安  
guess阳新安  
guess新安  
guess安  
guess  
guess array
guess陕西西安
guess西西安
guess西安
guess array
guess广东佛山佛山市  
guess东佛山佛山市  
guess佛山佛山市  
guess山佛山市  
guess佛山市  
guess山市  
guess市  
guess  
guess array
guess浙江湖州湖州市
guess江湖州湖州市
guess湖州湖州市
guess州湖州市
guess湖州市
guess州市
guess array
guess安徽蚌埠不限  
guess徽蚌埠不限  
guess蚌埠不限  
guess埠不限  
guess不限  
guess限  
guess  
guess array
guess河北张家口不限
guess北张家口不限
guess张家口不限
guess家口不限
guess口不限
guess不限
guess array
guess辽宁沈阳不限  
guess宁沈阳不限  
guess沈阳不限  
guess阳不限  
guess不限  
guess限  
guess  
guess array
guess天津郊县宁河
guess津郊县宁河
guess郊县宁河
guess县宁河
guess宁河
guess array
guess江苏无锡宜兴市  
guess苏无锡宜兴市  
guess无锡宜兴市  
guess锡宜兴市  
guess宜兴市  
guess兴市  
guess市  
guess  
guess array
guess安徽六安
guess徽六安
guess六安
guess array
guess湖南长沙不限  
guess南长沙不限  
guess长沙不限  
guess沙不限  
guess不限  
guess限  
guess  
guess array
guess贵州毕节不限
guess州毕节不限
guess毕节不限
guess节不限
guess不限
guess array
guess安徽巢湖巢湖市  
guess徽巢湖巢湖市  
guess巢湖巢湖市  
guess湖巢湖市  
guess巢湖市  
guess湖市  
guess市  
guess  
guess array
guess山东济宁鱼台
guess东济宁鱼台
guess济宁鱼台
guess宁鱼台
guess鱼台
guess array
guess广东东莞东莞市  
guess东东莞东莞市  
guess东莞东莞市  
guess莞东莞市  
guess东莞市  
guess莞市  
guess市  
guess  
guess array
guess广东阳江阳江市
guess东阳江阳江市
guess阳江阳江市
guess江阳江市
guess阳江市
guess江市
guess array
guess上海市区嘉定区  
guess海市区嘉定区  
guess市区嘉定区  
guess区嘉定区  
guess嘉定区  
guess定区  
guess区  
guess  
guess array
guess江苏苏州市辖区
guess苏苏州市辖区
guess苏州市辖区
guess州市辖区
guess市辖区
guess辖区
guess array
guess福建莆田  
guess建莆田  
guess莆田  
guess田  
guess  
guess array
guess福建不限
guess建不限
guess不限
guess array
guess河南漯河漯河市  
guess南漯河漯河市  
guess漯河漯河市  
guess河漯河市  
guess漯河市  
guess河市  
guess市  
guess  
guess array
guess浙江舟山舟山市
guess江舟山舟山市
guess舟山舟山市
guess山舟山市
guess舟山市
guess山市
guess array
guess河北邯郸武安市  
guess北邯郸武安市  
guess邯郸武安市  
guess郸武安市  
guess武安市  
guess安市  
guess市  
guess  
guess array
guess河北邢台隆尧
guess北邢台隆尧
guess邢台隆尧
guess台隆尧
guess隆尧
guess array
guess河南漯河舞阳  
guess南漯河舞阳  
guess漯河舞阳  
guess河舞阳  
guess舞阳  
guess阳  
guess  
guess array
guess安徽宿州砀山
guess徽宿州砀山
guess宿州砀山
guess州砀山
guess砀山
guess array
guess山东青岛青岛市  
guess东青岛青岛市  
guess青岛青岛市  
guess岛青岛市  
guess青岛市  
guess岛市  
guess市  
guess  
guess array
guess山东烟台烟台市
guess东烟台烟台市
guess烟台烟台市
guess台烟台市
guess烟台市
guess台市
guess array
guess河北石家庄  
guess北石家庄  
guess石家庄  
guess家庄  
guess庄  
guess  
guess array
guess山东莱芜
guess东莱芜
guess莱芜
guess array
guess河北石家庄  
guess北石家庄  
guess石家庄  
guess家庄  
guess庄  
guess  
guess array
guess河南郑州巩义市
guess南郑州巩义市
guess郑州巩义市
guess州巩义市
guess巩义市
guess义市
guess array
guess河南洛阳新安  
guess南洛阳新安  
guess洛阳新安  
guess阳新安  
guess新安  
guess安  
guess  
guess array
guess陕西西安
guess西西安
guess西安
guess array
guess广东佛山佛山市  
guess东佛山佛山市  
guess佛山佛山市  
guess山佛山市  
guess佛山市  
guess山市  
guess市  
guess  
guess array
guess浙江湖州湖州市
guess江湖州湖州市
guess湖州湖州市
guess州湖州市
guess湖州市
guess州市
guess array
guess安徽蚌埠不限  
guess徽蚌埠不限  
guess蚌埠不限  
guess埠不限  
guess不限  
guess限  
guess  
guess array
guess河北张家口不限
guess北张家口不限
guess张家口不限
guess家口不限
guess口不限
guess不限
guess array
guess辽宁沈阳不限  
guess宁沈阳不限  
guess沈阳不限  
guess阳不限  
guess不限  
guess限  
guess  
guess array
guess天津郊县宁河
guess津郊县宁河
guess郊县宁河
guess县宁河
guess宁河
guess array
guess江苏无锡宜兴市  
guess苏无锡宜兴市  
guess无锡宜兴市  
guess锡宜兴市  
guess宜兴市  
guess兴市  
guess市  
guess  
guess array
guess安徽六安
guess徽六安
guess六安
guess array
guess湖南长沙不限  
guess南长沙不限  
guess长沙不限  
guess沙不限  
guess不限  
guess限  
guess  
guess array
guess贵州毕节不限
guess州毕节不限
guess毕节不限
guess节不限
guess不限
guess array
guess安徽巢湖巢湖市  
guess徽巢湖巢湖市  
guess巢湖巢湖市  
guess湖巢湖市  
guess巢湖市  
guess湖市  
guess市  
guess  
guess array
guess山东济宁鱼台
guess东济宁鱼台
guess济宁鱼台
guess宁鱼台
guess鱼台
guess array
guess广东东莞东莞市  
guess东东莞东莞市  
guess东莞东莞市  
guess莞东莞市  
guess东莞市  
guess莞市  
guess市  
guess  
guess array
guess广东阳江阳江市
guess东阳江阳江市
guess阳江阳江市
guess江阳江市
guess阳江市
guess江市
guess array
guess上海市区嘉定区  
guess海市区嘉定区  
guess市区嘉定区  
guess区嘉定区  
guess嘉定区  
guess定区  
guess区  
guess  
guess array
guess江苏苏州市辖区
guess苏苏州市辖区
guess苏州市辖区
guess州市辖区
guess市辖区
guess辖区
guess array
guess福建莆田  
guess建莆田  
guess莆田  
guess田  
guess  
guess array
guess福建不限
guess建不限
guess不限
guess array
guess河南漯河漯河市  
guess南漯河漯河市  
guess漯河漯河市  
guess河漯河市  
guess漯河市  
guess河市  
guess市  
guess  
guess array
guess浙江舟山舟山市
guess江舟山舟山市
guess舟山舟山市
guess山舟山市
guess舟山市
guess山市
guess array
guess河北邯郸武安市  
guess北邯郸武安市  
guess邯郸武安市  
guess郸武安市  
guess武安市  
guess安市  
guess市  
guess  
guess array
guess河北邢台隆尧
guess北邢台隆尧
guess邢台隆尧
guess台隆尧
guess隆尧
guess array
guess河南漯河舞阳  
guess南漯河舞阳  
guess漯河舞阳  
guess河舞阳  
guess舞阳  
guess阳  
guess  
guess array
guess安徽宿州砀山
guess徽宿州砀山
guess宿州砀山
guess州砀山
guess砀山
