# Logfile created on 2011-12-18 14:36:01 +0800 by logger.rb/25413
create emaillist for new user
create emaillist for new user
create emaillist for new user
create emaillist for new user
create emaillist for new user
original cargo list=["4eed8b517af2a659f1000049"],size=1
new cargo list=["4eed8b517af2a659f1000049", "4eed8ba07af2a659f100004f"],size=2
uniq cargo list=["4eed8b517af2a659f1000049", "4eed8ba07af2a659f100004f"],size=2
original cargo list=["4eed8b517af2a659f1000049"],size=1
new cargo list=["4eed8b517af2a659f1000049", "4eed8bcc7af2a659f1000050"],size=2
uniq cargo list=["4eed8b517af2a659f1000049", "4eed8bcc7af2a659f1000050"],size=2
original cargo list=["4eed8b517af2a659f1000049", "4eed8bcc7af2a659f1000050"],size=2
new cargo list=["4eed8b517af2a659f1000049", "4eed8bcc7af2a659f1000050", "4eed8bcc7af2a659f1000050"],size=3
uniq cargo list=["4eed8b517af2a659f1000049", "4eed8bcc7af2a659f1000050"],size=2
create emaillist for new user
create emaillist for new user
ustatistic.todaymail=
ustatistic.totalmail=
ustatistic.todaymail=
ustatistic.totalmail=
ustatistic.todaymail=
ustatistic.totalmail=
original cargo list=["4ef96e386b57252f18000050"],size=1
new cargo list=["4ef96e386b57252f18000050", "4ef96e386b57252f18000050"],size=2
uniq cargo list=["4ef96e386b57252f18000050"],size=1
ustatistic.todaymail=1
ustatistic.totalmail=1
original cargo list=,size=0
new cargo list=["4efab8ad6b57251b84000009"],size=1
uniq cargo list=["4efab8ad6b57251b84000009"],size=1
ustatistic.todaymail=1
ustatistic.totalmail=1
original cargo list=["4efab8ad6b57251b84000009"],size=1
new cargo list=["4efab8ad6b57251b84000009", "4efab8ad6b57251b84000009"],size=2
uniq cargo list=["4efab8ad6b57251b84000009"],size=1
