 白云区520113000000parse 白云区，贵阳市，贵州省 from google start
 小河区520114000000parse 小河区，贵阳市，贵州省 from google start
 钟山区520201000000parse 钟山区，六盘水市，贵州省 from google start
 六枝特区520203000000parse 六枝特区，六盘水市，贵州省 from google start
 红花岗区520302000000parse 红花岗区，遵义市，贵州省 from google start
 汇川区520303000000parse 汇川区，遵义市，贵州省 from google start
 遵义县520321000000parse 遵义县，遵义市，贵州省 from google start
 西秀区520402000000parse 西秀区，安顺市，贵州省 from google start
 铜仁地区522200000000parse 铜仁地区，贵州省 from google start
 石阡县522224000000parse 石阡县，铜仁地区，贵州省 from google start
 黔西南522300000000parse 黔西南，贵州省 from google start
 晴隆县522324000000parse 晴隆县，黔西南，贵州省 from google start
 册亨县522327000000parse 册亨县，黔西南，贵州省 from google start
 毕节地区522400000000parse 毕节地区，贵州省 from google start
 纳雍县522426000000parse 纳雍县，毕节地区，贵州省 from google start
 黔东南522600000000parse 黔东南，贵州省 from google start
 黔南522700000000parse 黔南，贵州省 from google start
 云南530000000000parse 云南省 from google start
 五华区530102000000parse 五华区，昆明市，云南省 from google start
 盘龙区530103000000parse 盘龙区，昆明市，云南省 from google start
 官渡区530111000000parse 官渡区，昆明市，云南省 from google start
 西山区530112000000parse 西山区，昆明市，云南省 from google start
 东川区530113000000parse 东川区，昆明市，云南省 from google start
 石林530126000000parse 石林，昆明市，云南省 from google start
 禄劝彝族530128000000parse 禄劝彝族，昆明市，云南省 from google start
 寻甸回族530129000000parse 寻甸回族，昆明市，云南省 from google start
 麒麟区530302000000parse 麒麟区，曲靖市，云南省 from google start
 沾益县530328000000parse 沾益县，曲靖市，云南省 from google start
 红塔区530402000000parse 红塔区，玉溪市，云南省 from google start
 保山市530500000000parse 保山市，云南省 from google start
 隆阳区530502000000parse 隆阳区，保山市，云南省 from google start
 昭阳区530602000000parse 昭阳区，昭通市，云南省 from google start
 水富县530630000000parse 水富县，昭通市，云南省 from google start
 玉龙纳西族自治县530721000000parse 玉龙纳西族自治县，丽江市，云南省 from google start
 翠云区530802000000parse 翠云区，思茅市，云南省 from google start
 墨江530822000000parse 墨江，思茅市，云南省 from google start
 澜沧530828000000parse 澜沧，思茅市，云南省 from google start
 临沧市530900000000parse 临沧市，云南省 from google start
 临翔区530902000000parse 临翔区，临沧市，云南省 from google start
 楚雄市532301000000parse 楚雄市，楚雄，云南省 from google start
 红河哈尼族532500000000parse 红河哈尼族，云南省 from google start
 文山壮族532600000000parse 文山壮族，云南省 from google start
 西双版纳532800000000parse 西双版纳，云南省 from google start
 景洪市532801000000parse 景洪市，西双版纳，云南省 from google start
 大理市532901000000parse 大理市，大理，云南省 from google start
 德宏533100000000parse 德宏，云南省 from google start
 怒江533300000000parse 怒江，云南省 from google start
 迪庆533400000000parse 迪庆，云南省 from google start
 香格里拉县533421000000parse 香格里拉县，迪庆，云南省 from google start
 西藏540000000000parse 西藏省 from google start
 城关区540102000000parse 城关区，拉萨市，西藏省 from google start
 昌都地区542100000000parse 昌都地区，西藏省 from google start
 昌都县542121000000parse 昌都县，昌都地区，西藏省 from google start
 山南地区542200000000parse 山南地区，西藏省 from google start
 琼结县542225000000parse 琼结县，山南地区，西藏省 from google start
 日喀则地区542300000000parse 日喀则地区，西藏省 from google start
 那曲地区542400000000parse 那曲地区，西藏省 from google start
 尼玛县542430000000parse 尼玛县，那曲地区，西藏省 from google start
 县直辖村542431000000parse 县直辖村，那曲地区，西藏省 from google start
 阿里地区542500000000parse 阿里地区，西藏省 from google start
 札达县542522000000parse 札达县，阿里地区，西藏省 from google start
 日土县542524000000parse 日土县，阿里地区，西藏省 from google start
 林芝地区542600000000parse 林芝地区，西藏省 from google start
 陕西610000000000parse 陕西省 from google start
 新城区610102000000parse 新城区，西安市，陕西省 from google start
 碑林区610103000000parse 碑林区，西安市，陕西省 from google start
 莲湖区610104000000parse 莲湖区，西安市，陕西省 from google start
 灞桥区610111000000parse 灞桥区，西安市，陕西省 from google start
 未央区610112000000parse 未央区，西安市，陕西省 from google start
 雁塔区610113000000parse 雁塔区，西安市，陕西省 from google start
 阎良区610114000000parse 阎良区，西安市，陕西省 from google start
 王益区610202000000parse 王益区，铜川市，陕西省 from google start
 印台区610203000000parse 印台区，铜川市，陕西省 from google start
 耀州区610204000000parse 耀州区，铜川市，陕西省 from google start
 渭滨区610302000000parse 渭滨区，宝鸡市，陕西省 from google start
 金台区610303000000parse 金台区，宝鸡市，陕西省 from google start
 扶风县610324000000parse 扶风县，宝鸡市，陕西省 from google start
 秦都区610402000000parse 秦都区，咸阳市，陕西省 from google start
 渭城区610404000000parse 渭城区，咸阳市，陕西省 from google start
 临渭区610502000000parse 临渭区，渭南市，陕西省 from google start
 大荔县610523000000parse 大荔县，渭南市，陕西省 from google start
 澄城县610525000000parse 澄城县，渭南市，陕西省 from google start
 宝塔区610602000000parse 宝塔区，延安市，陕西省 from google start
 安塞县610624000000parse 安塞县，延安市，陕西省 from google start
 汉台区610702000000parse 汉台区，汉中市，陕西省 from google start
 汉中开发区610790000000parse 汉中开发区，汉中市，陕西省 from google start
 榆阳区610802000000parse 榆阳区，榆林市，陕西省 from google start
 汉滨区610902000000parse 汉滨区，安康市，陕西省 from google start
 商洛市611000000000parse 商洛市，陕西省 from google start
 商州区611002000000parse 商州区，商洛市，陕西省 from google start
 直辖区611100000000parse 直辖区，陕西省 from google start
 杨陵区611101000000parse 杨陵区，直辖区，陕西省 from google start
 甘肃620000000000parse 甘肃省 from google start
 城关区620102000000parse 城关区，兰州市，甘肃省 from google start
 七里河区620103000000parse 七里河区，兰州市，甘肃省 from google start
 西固区620104000000parse 西固区，兰州市，甘肃省 from google start
 安宁区620105000000parse 安宁区，兰州市，甘肃省 from google start
 红古区620111000000parse 红古区，兰州市，甘肃省 from google start
 嘉峪关市620200000000parse 嘉峪关市，甘肃省 from google start
 市辖区620201000000parse 市辖区，嘉峪关市，甘肃省 from google start
 金昌市620300000000parse 金昌市，甘肃省 from google start
 金川区620302000000parse 金川区，金昌市，甘肃省 from google start
 白银市620400000000parse 白银市，甘肃省 from google start
 白银区620402000000parse 白银区，白银市，甘肃省 from google start
 平川区620403000000parse 平川区，白银市，甘肃省 from google start
 秦州区620502000000parse 秦州区，天水市，甘肃省 from google start
 麦积区620503000000parse 麦积区，天水市，甘肃省 from google start
 张家川回族自治县620525000000parse 张家川回族自治县，天水市，甘肃省 from google start
 凉州区620602000000parse 凉州区，武威市，甘肃省 from google start
 甘州区620702000000parse 甘州区，张掖市，甘肃省 from google start
 肃南裕620721000000parse 肃南裕，张掖市，甘肃省 from google start
 崆峒区620802000000parse 崆峒区，平凉市，甘肃省 from google start
 肃州区620902000000parse 肃州区，酒泉市，甘肃省 from google start
 瓜州县620922000000parse 瓜州县，酒泉市，甘肃省 from google start
 西峰区621002000000parse 西峰区，庆阳市，甘肃省 from google start
 庆城县621021000000parse 庆城县，庆阳市，甘肃省 from google start
 正宁县621025000000parse 正宁县，庆阳市，甘肃省 from google start
 镇原县621027000000parse 镇原县，庆阳市，甘肃省 from google start
 安定区621102000000parse 安定区，定西市，甘肃省 from google start
 陇南市621200000000parse 陇南市，甘肃省 from google start
 临夏市622901000000parse 临夏市，临夏，甘肃省 from google start
 临夏县622921000000parse 临夏县，临夏，甘肃省 from google start
 甘南623000000000parse 甘南，甘肃省 from google start
 合作市623001000000parse 合作市，甘南，甘肃省 from google start
 夏河县623027000000parse 夏河县，甘南，甘肃省 from google start
 青海630000000000parse 青海省 from google start
 城东区630102000000parse 城东区，西宁市，青海省 from google start
 城中区630103000000parse 城中区，西宁市，青海省 from google start
 城西区630104000000parse 城西区，西宁市，青海省 from google start
 城北区630105000000parse 城北区，西宁市，青海省 from google start
 海东地区632100000000parse 海东地区，青海省 from google start
 海北州632200000000parse 海北州，青海省 from google start
 黄南州632300000000parse 黄南州，青海省 from google start
 河南县632324000000parse 河南县，黄南州，青海省 from google start
 海南州632500000000parse 海南州，青海省 from google start
 果洛州632600000000parse 果洛州，青海省 from google start
 玉树州632700000000parse 玉树州，青海省 from google start
 曲麻莱县632726000000parse 曲麻莱县，玉树州，青海省 from google start
 海西州632800000000parse 海西州，青海省 from google start
 德令哈市632802000000parse 德令哈市，海西州，青海省 from google start
 茫崖行委632824000000parse 茫崖行委，海西州，青海省 from google start
 大柴旦行委632825000000parse 大柴旦行委，海西州，青海省 from google start
 冷湖行委632827000000parse 冷湖行委，海西州，青海省 from google start
 青海油田632828000000parse 青海油田，海西州，青海省 from google start
 宁夏640000000000parse 宁夏省 from google start
 西夏区640105000000parse 西夏区，银川市，宁夏省 from google start
 金凤区640106000000parse 金凤区，银川市，宁夏省 from google start
 大武口区640202000000parse 大武口区，石嘴山市，宁夏省 from google start
 惠农区640205000000parse 惠农区，石嘴山市，宁夏省 from google start
 利通区640302000000parse 利通区，吴忠市，宁夏省 from google start
 红寺堡开发区640382000000parse 红寺堡开发区，吴忠市，宁夏省 from google start
 原州区640402000000parse 原州区，固原市，宁夏省 from google start
 彭阳县640425000000parse 彭阳县，固原市，宁夏省 from google start
 沙坡头区640502000000parse 沙坡头区，中卫市，宁夏省 from google start
 新疆650000000000parse 新疆省 from google start
 天山区650102000000parse 天山区，乌鲁木齐市，新疆省 from google start
 沙依巴克区650103000000parse 沙依巴克区，乌鲁木齐市，新疆省 from google start
 新市区650104000000parse 新市区，乌鲁木齐市，新疆省 from google start
 水磨沟区650105000000parse 水磨沟区，乌鲁木齐市，新疆省 from google start
 头屯河区650106000000parse 头屯河区，乌鲁木齐市，新疆省 from google start
 达板城区650107000000parse 达板城区，乌鲁木齐市，新疆省 from google start
 东山区650108000000parse 东山区，乌鲁木齐市，新疆省 from google start
 米东区650109000000parse 米东区，乌鲁木齐市，新疆省 from google start
 高新区650111000000parse 高新区，乌鲁木齐市，新疆省 from google start
 开发区650112000000parse 开发区，乌鲁木齐市，新疆省 from google start
 乌鲁木齐县650121000000parse 乌鲁木齐县，乌鲁木齐市，新疆省 from google start
 独山子区650202000000parse 独山子区，克拉玛依市，新疆省 from google start
 克拉玛依区650203000000parse 克拉玛依区，克拉玛依市，新疆省 from google start
 白碱滩区650204000000parse 白碱滩区，克拉玛依市，新疆省 from google start
 乌尔禾区650205000000parse 乌尔禾区，克拉玛依市，新疆省 from google start
 新疆兵团650900000000parse 新疆兵团，新疆省 from google start
 农一师650901000000parse 农一师，新疆兵团，新疆省 from google start
 农二师650902000000parse 农二师，新疆兵团，新疆省 from google start
 农三师650903000000parse 农三师，新疆兵团，新疆省 from google start
 农四师650904000000parse 农四师，新疆兵团，新疆省 from google start
 农五师650905000000parse 农五师，新疆兵团，新疆省 from google start
 农六师650906000000parse 农六师，新疆兵团，新疆省 from google start
 农七师650907000000parse 农七师，新疆兵团，新疆省 from google start
 农八师650908000000parse 农八师，新疆兵团，新疆省 from google start
 农九师650909000000parse 农九师，新疆兵团，新疆省 from google start
 农十师650910000000parse 农十师，新疆兵团，新疆省 from google start
 建工师650911000000parse 建工师，新疆兵团，新疆省 from google start
 农十二师650912000000parse 农十二师，新疆兵团，新疆省 from google start
 农十三师650913000000parse 农十三师，新疆兵团，新疆省 from google start
 农十四师650914000000parse 农十四师，新疆兵团，新疆省 from google start
 兵团直属650920000000parse 兵团直属，新疆兵团，新疆省 from google start
 吐鲁番地区652100000000parse 吐鲁番地区，新疆省 from google start
 哈密地区652200000000parse 哈密地区，新疆省 from google start
 昌吉州652300000000parse 昌吉州，新疆省 from google start
 博尔塔652700000000parse 博尔塔，新疆省 from google start
 巴州652800000000parse 巴州，新疆省 from google start
 尉犁县652823000000parse 尉犁县，巴州，新疆省 from google start
 若羌县652824000000parse 若羌县，巴州，新疆省 from google start
 且末县652825000000parse 且末县，巴州，新疆省 from google start
 阿克苏地区652900000000parse 阿克苏地区，新疆省 from google start
 柯坪县652929000000parse 柯坪县，阿克苏地区，新疆省 from google start
 克州653000000000parse 克州，新疆省 from google start
 喀什地区653100000000parse 喀什地区，新疆省 from google start
 喀什市653101000000parse 喀什市，喀什地区，新疆省 from google start
 岳普湖县653128000000parse 岳普湖县，喀什地区，新疆省 from google start
 伽师县653129000000parse 伽师县，喀什地区，新疆省 from google start
 和田地区653200000000parse 和田地区，新疆省 from google start
 和田县653221000000parse 和田县，和田地区，新疆省 from google start
 伊犁州654000000000parse 伊犁州，新疆省 from google start
 伊宁县654021000000parse 伊宁县，伊犁州，新疆省 from google start
 察布查尔县654022000000parse 察布查尔县，伊犁州，新疆省 from google start
 塔城地区654200000000parse 塔城地区，新疆省 from google start
 阿勒泰地区654300000000parse 阿勒泰地区，新疆省 from google start
 直辖区659000000000parse 直辖区，新疆省 from google start
 阿拉尔市659002000000parse 阿拉尔市，直辖区，新疆省 from google start
 图木舒克市659003000000parse 图木舒克市，直辖区，新疆省 from google start
 五家渠市659004000000parse 五家渠市，直辖区，新疆省 from google start
left counter=229
